<?xml version="1.0" encoding="UTF-8"?>
<!-- Generated by org.testng.reporters.JUnitReportReporter -->
<testsuite hostname="192.168.1.193" failures="0" tests="2" name="com.example.SeleniumTest" time="0.005" errors="0" timestamp="2021-08-27T01:36:38 BST" skipped="0">
  <testcase classname="com.example.SeleniumTest" name="f" time="0.004"/>
  <system-out/>
  <testcase classname="com.example.SeleniumTest" name="f" time="0.001"/>
  <system-out/>
</testsuite> <!-- com.example.SeleniumTest -->
